find_header: checking for sqlite3.h... -------------------- yes

"gcc -o conftest -I/Users/mark/.rvm/rubies/ruby-1.9.2-p0/include/ruby-1.9.1/x86_64-darwin10.4.0 -I/Users/mark/.rvm/rubies/ruby-1.9.2-p0/include/ruby-1.9.1/ruby/backward -I/Users/mark/.rvm/rubies/ruby-1.9.2-p0/include/ruby-1.9.1 -I. -I/usr/local/include -I/opt/local/include -I/usr/include -D_XOPEN_SOURCE -D_DARWIN_C_SOURCE    -O3 -ggdb -Wextra -Wno-unused-parameter -Wno-parentheses -Wpointer-arith -Wwrite-strings -Wno-missing-field-initializers -Wshorten-64-to-32 -Wno-long-long  -fno-common -pipe -O3 -Wall -Wcast-qual -Wwrite-strings -Wconversion -Wmissing-noreturn -Winline conftest.c  -L. -L/Users/mark/.rvm/rubies/ruby-1.9.2-p0/lib -L/usr/local/lib -L/opt/local/lib -L/usr/lib -L. -L/usr/local/lib     -lruby.1.9.1-static  -lpthread -ldl -lobjc "
checked program was:
/* begin */
1: #include "ruby.h"
2: 
3: int main() {return 0;}
/* end */

"gcc -E -I/Users/mark/.rvm/rubies/ruby-1.9.2-p0/include/ruby-1.9.1/x86_64-darwin10.4.0 -I/Users/mark/.rvm/rubies/ruby-1.9.2-p0/include/ruby-1.9.1/ruby/backward -I/Users/mark/.rvm/rubies/ruby-1.9.2-p0/include/ruby-1.9.1 -I. -I/usr/local/include -I/opt/local/include -I/usr/include -D_XOPEN_SOURCE -D_DARWIN_C_SOURCE    -O3 -ggdb -Wextra -Wno-unused-parameter -Wno-parentheses -Wpointer-arith -Wwrite-strings -Wno-missing-field-initializers -Wshorten-64-to-32 -Wno-long-long  -fno-common -pipe -O3 -Wall -Wcast-qual -Wwrite-strings -Wconversion -Wmissing-noreturn -Winline  conftest.c -o conftest.i"
checked program was:
/* begin */
1: #include "ruby.h"
2: 
3: #include <sqlite3.h>
/* end */

--------------------

find_library: checking for sqlite3_libversion_number() in -lsqlite3... -------------------- yes

"gcc -o conftest -I/Users/mark/.rvm/rubies/ruby-1.9.2-p0/include/ruby-1.9.1/x86_64-darwin10.4.0 -I/Users/mark/.rvm/rubies/ruby-1.9.2-p0/include/ruby-1.9.1/ruby/backward -I/Users/mark/.rvm/rubies/ruby-1.9.2-p0/include/ruby-1.9.1 -I. -I/usr/local/include -I/opt/local/include -I/usr/include -D_XOPEN_SOURCE -D_DARWIN_C_SOURCE    -O3 -ggdb -Wextra -Wno-unused-parameter -Wno-parentheses -Wpointer-arith -Wwrite-strings -Wno-missing-field-initializers -Wshorten-64-to-32 -Wno-long-long  -fno-common -pipe -O3 -Wall -Wcast-qual -Wwrite-strings -Wconversion -Wmissing-noreturn -Winline conftest.c  -L. -L/Users/mark/.rvm/rubies/ruby-1.9.2-p0/lib -L/usr/local/lib -L/opt/local/lib -L/usr/lib -L. -L/usr/local/lib     -lruby.1.9.1-static -lsqlite3  -lpthread -ldl -lobjc "
conftest.c: In function ‘t’:
conftest.c:5: error: ‘sqlite3_libversion_number’ undeclared (first use in this function)
conftest.c:5: error: (Each undeclared identifier is reported only once
conftest.c:5: error: for each function it appears in.)
checked program was:
/* begin */
1: #include "ruby.h"
2: 
3: /*top*/
4: int main() {return 0;}
5: int t() { void ((*volatile p)()); p = (void ((*)()))sqlite3_libversion_number; return 0; }
/* end */

"gcc -o conftest -I/Users/mark/.rvm/rubies/ruby-1.9.2-p0/include/ruby-1.9.1/x86_64-darwin10.4.0 -I/Users/mark/.rvm/rubies/ruby-1.9.2-p0/include/ruby-1.9.1/ruby/backward -I/Users/mark/.rvm/rubies/ruby-1.9.2-p0/include/ruby-1.9.1 -I. -I/usr/local/include -I/opt/local/include -I/usr/include -D_XOPEN_SOURCE -D_DARWIN_C_SOURCE    -O3 -ggdb -Wextra -Wno-unused-parameter -Wno-parentheses -Wpointer-arith -Wwrite-strings -Wno-missing-field-initializers -Wshorten-64-to-32 -Wno-long-long  -fno-common -pipe -O3 -Wall -Wcast-qual -Wwrite-strings -Wconversion -Wmissing-noreturn -Winline conftest.c  -L. -L/Users/mark/.rvm/rubies/ruby-1.9.2-p0/lib -L/usr/local/lib -L/opt/local/lib -L/usr/lib -L. -L/usr/local/lib     -lruby.1.9.1-static -lsqlite3  -lpthread -ldl -lobjc "
conftest.c: In function ‘t’:
conftest.c:5: warning: implicit declaration of function ‘sqlite3_libversion_number’
checked program was:
/* begin */
1: #include "ruby.h"
2: 
3: /*top*/
4: int main() {return 0;}
5: int t() { sqlite3_libversion_number(); return 0; }
/* end */

--------------------

have_func: checking for rb_proc_arity()... -------------------- yes

"gcc -o conftest -I/Users/mark/.rvm/rubies/ruby-1.9.2-p0/include/ruby-1.9.1/x86_64-darwin10.4.0 -I/Users/mark/.rvm/rubies/ruby-1.9.2-p0/include/ruby-1.9.1/ruby/backward -I/Users/mark/.rvm/rubies/ruby-1.9.2-p0/include/ruby-1.9.1 -I. -I/usr/local/include -I/opt/local/include -I/usr/include -D_XOPEN_SOURCE -D_DARWIN_C_SOURCE    -O3 -ggdb -Wextra -Wno-unused-parameter -Wno-parentheses -Wpointer-arith -Wwrite-strings -Wno-missing-field-initializers -Wshorten-64-to-32 -Wno-long-long  -fno-common -pipe -O3 -Wall -Wcast-qual -Wwrite-strings -Wconversion -Wmissing-noreturn -Winline conftest.c  -L. -L/Users/mark/.rvm/rubies/ruby-1.9.2-p0/lib -L/usr/local/lib -L/opt/local/lib -L/usr/lib -L. -L/usr/local/lib    -lsqlite3  -lruby.1.9.1-static -lsqlite3  -lpthread -ldl -lobjc "
checked program was:
/* begin */
1: #include "ruby.h"
2: 
3: /*top*/
4: int main() {return 0;}
5: int t() { void ((*volatile p)()); p = (void ((*)()))rb_proc_arity; return 0; }
/* end */

--------------------

have_func: checking for sqlite3_initialize()... -------------------- yes

"gcc -o conftest -I/Users/mark/.rvm/rubies/ruby-1.9.2-p0/include/ruby-1.9.1/x86_64-darwin10.4.0 -I/Users/mark/.rvm/rubies/ruby-1.9.2-p0/include/ruby-1.9.1/ruby/backward -I/Users/mark/.rvm/rubies/ruby-1.9.2-p0/include/ruby-1.9.1 -I. -I/usr/local/include -I/opt/local/include -I/usr/include -D_XOPEN_SOURCE -D_DARWIN_C_SOURCE    -O3 -ggdb -Wextra -Wno-unused-parameter -Wno-parentheses -Wpointer-arith -Wwrite-strings -Wno-missing-field-initializers -Wshorten-64-to-32 -Wno-long-long  -fno-common -pipe -O3 -Wall -Wcast-qual -Wwrite-strings -Wconversion -Wmissing-noreturn -Winline conftest.c  -L. -L/Users/mark/.rvm/rubies/ruby-1.9.2-p0/lib -L/usr/local/lib -L/opt/local/lib -L/usr/lib -L. -L/usr/local/lib    -lsqlite3  -lruby.1.9.1-static -lsqlite3  -lpthread -ldl -lobjc "
conftest.c: In function ‘t’:
conftest.c:5: error: ‘sqlite3_initialize’ undeclared (first use in this function)
conftest.c:5: error: (Each undeclared identifier is reported only once
conftest.c:5: error: for each function it appears in.)
checked program was:
/* begin */
1: #include "ruby.h"
2: 
3: /*top*/
4: int main() {return 0;}
5: int t() { void ((*volatile p)()); p = (void ((*)()))sqlite3_initialize; return 0; }
/* end */

"gcc -o conftest -I/Users/mark/.rvm/rubies/ruby-1.9.2-p0/include/ruby-1.9.1/x86_64-darwin10.4.0 -I/Users/mark/.rvm/rubies/ruby-1.9.2-p0/include/ruby-1.9.1/ruby/backward -I/Users/mark/.rvm/rubies/ruby-1.9.2-p0/include/ruby-1.9.1 -I. -I/usr/local/include -I/opt/local/include -I/usr/include -D_XOPEN_SOURCE -D_DARWIN_C_SOURCE    -O3 -ggdb -Wextra -Wno-unused-parameter -Wno-parentheses -Wpointer-arith -Wwrite-strings -Wno-missing-field-initializers -Wshorten-64-to-32 -Wno-long-long  -fno-common -pipe -O3 -Wall -Wcast-qual -Wwrite-strings -Wconversion -Wmissing-noreturn -Winline conftest.c  -L. -L/Users/mark/.rvm/rubies/ruby-1.9.2-p0/lib -L/usr/local/lib -L/opt/local/lib -L/usr/lib -L. -L/usr/local/lib    -lsqlite3  -lruby.1.9.1-static -lsqlite3  -lpthread -ldl -lobjc "
conftest.c: In function ‘t’:
conftest.c:5: warning: implicit declaration of function ‘sqlite3_initialize’
checked program was:
/* begin */
1: #include "ruby.h"
2: 
3: /*top*/
4: int main() {return 0;}
5: int t() { sqlite3_initialize(); return 0; }
/* end */

--------------------

have_func: checking for sqlite3_next_stmt()... -------------------- yes

"gcc -o conftest -I/Users/mark/.rvm/rubies/ruby-1.9.2-p0/include/ruby-1.9.1/x86_64-darwin10.4.0 -I/Users/mark/.rvm/rubies/ruby-1.9.2-p0/include/ruby-1.9.1/ruby/backward -I/Users/mark/.rvm/rubies/ruby-1.9.2-p0/include/ruby-1.9.1 -I. -I/usr/local/include -I/opt/local/include -I/usr/include -D_XOPEN_SOURCE -D_DARWIN_C_SOURCE    -O3 -ggdb -Wextra -Wno-unused-parameter -Wno-parentheses -Wpointer-arith -Wwrite-strings -Wno-missing-field-initializers -Wshorten-64-to-32 -Wno-long-long  -fno-common -pipe -O3 -Wall -Wcast-qual -Wwrite-strings -Wconversion -Wmissing-noreturn -Winline conftest.c  -L. -L/Users/mark/.rvm/rubies/ruby-1.9.2-p0/lib -L/usr/local/lib -L/opt/local/lib -L/usr/lib -L. -L/usr/local/lib    -lsqlite3  -lruby.1.9.1-static -lsqlite3  -lpthread -ldl -lobjc "
conftest.c: In function ‘t’:
conftest.c:5: error: ‘sqlite3_next_stmt’ undeclared (first use in this function)
conftest.c:5: error: (Each undeclared identifier is reported only once
conftest.c:5: error: for each function it appears in.)
checked program was:
/* begin */
1: #include "ruby.h"
2: 
3: /*top*/
4: int main() {return 0;}
5: int t() { void ((*volatile p)()); p = (void ((*)()))sqlite3_next_stmt; return 0; }
/* end */

"gcc -o conftest -I/Users/mark/.rvm/rubies/ruby-1.9.2-p0/include/ruby-1.9.1/x86_64-darwin10.4.0 -I/Users/mark/.rvm/rubies/ruby-1.9.2-p0/include/ruby-1.9.1/ruby/backward -I/Users/mark/.rvm/rubies/ruby-1.9.2-p0/include/ruby-1.9.1 -I. -I/usr/local/include -I/opt/local/include -I/usr/include -D_XOPEN_SOURCE -D_DARWIN_C_SOURCE    -O3 -ggdb -Wextra -Wno-unused-parameter -Wno-parentheses -Wpointer-arith -Wwrite-strings -Wno-missing-field-initializers -Wshorten-64-to-32 -Wno-long-long  -fno-common -pipe -O3 -Wall -Wcast-qual -Wwrite-strings -Wconversion -Wmissing-noreturn -Winline conftest.c  -L. -L/Users/mark/.rvm/rubies/ruby-1.9.2-p0/lib -L/usr/local/lib -L/opt/local/lib -L/usr/lib -L. -L/usr/local/lib    -lsqlite3  -lruby.1.9.1-static -lsqlite3  -lpthread -ldl -lobjc "
conftest.c: In function ‘t’:
conftest.c:5: warning: implicit declaration of function ‘sqlite3_next_stmt’
checked program was:
/* begin */
1: #include "ruby.h"
2: 
3: /*top*/
4: int main() {return 0;}
5: int t() { sqlite3_next_stmt(); return 0; }
/* end */

--------------------

have_func: checking for sqlite3_column_database_name()... -------------------- no

"gcc -o conftest -I/Users/mark/.rvm/rubies/ruby-1.9.2-p0/include/ruby-1.9.1/x86_64-darwin10.4.0 -I/Users/mark/.rvm/rubies/ruby-1.9.2-p0/include/ruby-1.9.1/ruby/backward -I/Users/mark/.rvm/rubies/ruby-1.9.2-p0/include/ruby-1.9.1 -I. -I/usr/local/include -I/opt/local/include -I/usr/include -D_XOPEN_SOURCE -D_DARWIN_C_SOURCE    -O3 -ggdb -Wextra -Wno-unused-parameter -Wno-parentheses -Wpointer-arith -Wwrite-strings -Wno-missing-field-initializers -Wshorten-64-to-32 -Wno-long-long  -fno-common -pipe -O3 -Wall -Wcast-qual -Wwrite-strings -Wconversion -Wmissing-noreturn -Winline conftest.c  -L. -L/Users/mark/.rvm/rubies/ruby-1.9.2-p0/lib -L/usr/local/lib -L/opt/local/lib -L/usr/lib -L. -L/usr/local/lib    -lsqlite3  -lruby.1.9.1-static -lsqlite3  -lpthread -ldl -lobjc "
conftest.c: In function ‘t’:
conftest.c:5: error: ‘sqlite3_column_database_name’ undeclared (first use in this function)
conftest.c:5: error: (Each undeclared identifier is reported only once
conftest.c:5: error: for each function it appears in.)
checked program was:
/* begin */
1: #include "ruby.h"
2: 
3: /*top*/
4: int main() {return 0;}
5: int t() { void ((*volatile p)()); p = (void ((*)()))sqlite3_column_database_name; return 0; }
/* end */

"gcc -o conftest -I/Users/mark/.rvm/rubies/ruby-1.9.2-p0/include/ruby-1.9.1/x86_64-darwin10.4.0 -I/Users/mark/.rvm/rubies/ruby-1.9.2-p0/include/ruby-1.9.1/ruby/backward -I/Users/mark/.rvm/rubies/ruby-1.9.2-p0/include/ruby-1.9.1 -I. -I/usr/local/include -I/opt/local/include -I/usr/include -D_XOPEN_SOURCE -D_DARWIN_C_SOURCE    -O3 -ggdb -Wextra -Wno-unused-parameter -Wno-parentheses -Wpointer-arith -Wwrite-strings -Wno-missing-field-initializers -Wshorten-64-to-32 -Wno-long-long  -fno-common -pipe -O3 -Wall -Wcast-qual -Wwrite-strings -Wconversion -Wmissing-noreturn -Winline conftest.c  -L. -L/Users/mark/.rvm/rubies/ruby-1.9.2-p0/lib -L/usr/local/lib -L/opt/local/lib -L/usr/lib -L. -L/usr/local/lib    -lsqlite3  -lruby.1.9.1-static -lsqlite3  -lpthread -ldl -lobjc "
conftest.c: In function ‘t’:
conftest.c:5: warning: implicit declaration of function ‘sqlite3_column_database_name’
Undefined symbols:
  "_sqlite3_column_database_name", referenced from:
      _t in ccwLdg6S.o
ld: symbol(s) not found
collect2: ld returned 1 exit status
checked program was:
/* begin */
1: #include "ruby.h"
2: 
3: /*top*/
4: int main() {return 0;}
5: int t() { sqlite3_column_database_name(); return 0; }
/* end */

--------------------

have_func: checking for sqlite3_enable_load_extension()... -------------------- no

"gcc -o conftest -I/Users/mark/.rvm/rubies/ruby-1.9.2-p0/include/ruby-1.9.1/x86_64-darwin10.4.0 -I/Users/mark/.rvm/rubies/ruby-1.9.2-p0/include/ruby-1.9.1/ruby/backward -I/Users/mark/.rvm/rubies/ruby-1.9.2-p0/include/ruby-1.9.1 -I. -I/usr/local/include -I/opt/local/include -I/usr/include -D_XOPEN_SOURCE -D_DARWIN_C_SOURCE    -O3 -ggdb -Wextra -Wno-unused-parameter -Wno-parentheses -Wpointer-arith -Wwrite-strings -Wno-missing-field-initializers -Wshorten-64-to-32 -Wno-long-long  -fno-common -pipe -O3 -Wall -Wcast-qual -Wwrite-strings -Wconversion -Wmissing-noreturn -Winline conftest.c  -L. -L/Users/mark/.rvm/rubies/ruby-1.9.2-p0/lib -L/usr/local/lib -L/opt/local/lib -L/usr/lib -L. -L/usr/local/lib    -lsqlite3  -lruby.1.9.1-static -lsqlite3  -lpthread -ldl -lobjc "
conftest.c: In function ‘t’:
conftest.c:5: error: ‘sqlite3_enable_load_extension’ undeclared (first use in this function)
conftest.c:5: error: (Each undeclared identifier is reported only once
conftest.c:5: error: for each function it appears in.)
checked program was:
/* begin */
1: #include "ruby.h"
2: 
3: /*top*/
4: int main() {return 0;}
5: int t() { void ((*volatile p)()); p = (void ((*)()))sqlite3_enable_load_extension; return 0; }
/* end */

"gcc -o conftest -I/Users/mark/.rvm/rubies/ruby-1.9.2-p0/include/ruby-1.9.1/x86_64-darwin10.4.0 -I/Users/mark/.rvm/rubies/ruby-1.9.2-p0/include/ruby-1.9.1/ruby/backward -I/Users/mark/.rvm/rubies/ruby-1.9.2-p0/include/ruby-1.9.1 -I. -I/usr/local/include -I/opt/local/include -I/usr/include -D_XOPEN_SOURCE -D_DARWIN_C_SOURCE    -O3 -ggdb -Wextra -Wno-unused-parameter -Wno-parentheses -Wpointer-arith -Wwrite-strings -Wno-missing-field-initializers -Wshorten-64-to-32 -Wno-long-long  -fno-common -pipe -O3 -Wall -Wcast-qual -Wwrite-strings -Wconversion -Wmissing-noreturn -Winline conftest.c  -L. -L/Users/mark/.rvm/rubies/ruby-1.9.2-p0/lib -L/usr/local/lib -L/opt/local/lib -L/usr/lib -L. -L/usr/local/lib    -lsqlite3  -lruby.1.9.1-static -lsqlite3  -lpthread -ldl -lobjc "
conftest.c: In function ‘t’:
conftest.c:5: warning: implicit declaration of function ‘sqlite3_enable_load_extension’
Undefined symbols:
  "_sqlite3_enable_load_extension", referenced from:
      _t in ccVsN2S6.o
ld: symbol(s) not found
collect2: ld returned 1 exit status
checked program was:
/* begin */
1: #include "ruby.h"
2: 
3: /*top*/
4: int main() {return 0;}
5: int t() { sqlite3_enable_load_extension(); return 0; }
/* end */

--------------------

have_func: checking for sqlite3_load_extension()... -------------------- no

"gcc -o conftest -I/Users/mark/.rvm/rubies/ruby-1.9.2-p0/include/ruby-1.9.1/x86_64-darwin10.4.0 -I/Users/mark/.rvm/rubies/ruby-1.9.2-p0/include/ruby-1.9.1/ruby/backward -I/Users/mark/.rvm/rubies/ruby-1.9.2-p0/include/ruby-1.9.1 -I. -I/usr/local/include -I/opt/local/include -I/usr/include -D_XOPEN_SOURCE -D_DARWIN_C_SOURCE    -O3 -ggdb -Wextra -Wno-unused-parameter -Wno-parentheses -Wpointer-arith -Wwrite-strings -Wno-missing-field-initializers -Wshorten-64-to-32 -Wno-long-long  -fno-common -pipe -O3 -Wall -Wcast-qual -Wwrite-strings -Wconversion -Wmissing-noreturn -Winline conftest.c  -L. -L/Users/mark/.rvm/rubies/ruby-1.9.2-p0/lib -L/usr/local/lib -L/opt/local/lib -L/usr/lib -L. -L/usr/local/lib    -lsqlite3  -lruby.1.9.1-static -lsqlite3  -lpthread -ldl -lobjc "
conftest.c: In function ‘t’:
conftest.c:5: error: ‘sqlite3_load_extension’ undeclared (first use in this function)
conftest.c:5: error: (Each undeclared identifier is reported only once
conftest.c:5: error: for each function it appears in.)
checked program was:
/* begin */
1: #include "ruby.h"
2: 
3: /*top*/
4: int main() {return 0;}
5: int t() { void ((*volatile p)()); p = (void ((*)()))sqlite3_load_extension; return 0; }
/* end */

"gcc -o conftest -I/Users/mark/.rvm/rubies/ruby-1.9.2-p0/include/ruby-1.9.1/x86_64-darwin10.4.0 -I/Users/mark/.rvm/rubies/ruby-1.9.2-p0/include/ruby-1.9.1/ruby/backward -I/Users/mark/.rvm/rubies/ruby-1.9.2-p0/include/ruby-1.9.1 -I. -I/usr/local/include -I/opt/local/include -I/usr/include -D_XOPEN_SOURCE -D_DARWIN_C_SOURCE    -O3 -ggdb -Wextra -Wno-unused-parameter -Wno-parentheses -Wpointer-arith -Wwrite-strings -Wno-missing-field-initializers -Wshorten-64-to-32 -Wno-long-long  -fno-common -pipe -O3 -Wall -Wcast-qual -Wwrite-strings -Wconversion -Wmissing-noreturn -Winline conftest.c  -L. -L/Users/mark/.rvm/rubies/ruby-1.9.2-p0/lib -L/usr/local/lib -L/opt/local/lib -L/usr/lib -L. -L/usr/local/lib    -lsqlite3  -lruby.1.9.1-static -lsqlite3  -lpthread -ldl -lobjc "
conftest.c: In function ‘t’:
conftest.c:5: warning: implicit declaration of function ‘sqlite3_load_extension’
Undefined symbols:
  "_sqlite3_load_extension", referenced from:
      _t in ccASUQMD.o
ld: symbol(s) not found
collect2: ld returned 1 exit status
checked program was:
/* begin */
1: #include "ruby.h"
2: 
3: /*top*/
4: int main() {return 0;}
5: int t() { sqlite3_load_extension(); return 0; }
/* end */

--------------------

